[I 2026-05-02 06:25:54,727] Trial 47 finished with value: 946.3151612903225 and parameters: {'learning_rate': 8.236306033826295e-05, 'weight_decay': 0.04182866108547658, 'warmup_ratio': 0.07835278198842949, 'train_color_jitter': False, 'nicme_logit_cost_scale': 0.11637676447664357, 'cs_lambda': 0.060496602778819075, 'cs_warmup_epochs': 3}. Best is trial 28 with value: 1011.1.
[I 2026-05-02 06:28:44,588] Trial 48 finished with value: 878.4828064516129 and parameters: {'learning_rate': 5.253518651309515e-05, 'weight_decay': 0.020602182634529304, 'warmup_ratio': 0.04900958779436816, 'train_color_jitter': True, 'nicme_logit_cost_scale': 0.09357162713980664, 'cs_lambda': 0.1301546037025828, 'cs_warmup_epochs': 2}. Best is trial 28 with value: 1011.1.
[I 2026-05-02 06:33:55,493] Trial 49 finished with value: 977.8880322580646 and parameters: {'learning_rate': 6.788053657606245e-05, 'weight_decay': 0.004910282463512411, 'warmup_ratio': 0.026535828941304344, 'train_color_jitter': False, 'nicme_logit_cost_scale': 0.2386427255771851, 'cs_lambda': 0.037967651812084245, 'cs_warmup_epochs': 2}. Best is trial 28 with value: 1011.1.
[I 2026-05-02 06:38:18,693] Trial 50 finished with value: 978.0093548387097 and parameters: {'learning_rate': 8.21877907095263e-05, 'weight_decay': 0.03296694630843254, 'warmup_ratio': 0.09955991190407402, 'train_color_jitter': False, 'nicme_logit_cost_scale': 0.5172117062698927, 'cs_lambda': 0.017206487555160715, 'cs_warmup_epochs': 1}. Best is trial 28 with value: 1011.1.
[I 2026-05-02 06:42:24,353] Trial 51 finished with value: 912.9909032258065 and parameters: {'learning_rate': 6.52877722411167e-05, 'weight_decay': 0.03587871166497425, 'warmup_ratio': 0.10557592584595833, 'train_color_jitter': False, 'nicme_logit_cost_scale': 0.08290042574859192, 'cs_lambda': 0.03656226750321128, 'cs_warmup_epochs': 2}. Best is trial 28 with value: 1011.1.
[I 2026-05-02 06:48:18,459] Trial 52 finished with value: 1011.1 and parameters: {'learning_rate': 6.003096009586301e-05, 'weight_decay': 0.04155239320989662, 'warmup_ratio': 0.10968873122504766, 'train_color_jitter': False, 'nicme_logit_cost_scale': 0.061263843650536186, 'cs_lambda': 0.03308788017933542, 'cs_warmup_epochs': 2}. Best is trial 28 with value: 1011.1.
[I 2026-05-02 06:52:56,895] Trial 53 finished with value: 945.2208709677419 and parameters: {'learning_rate': 5.6778098105515435e-05, 'weight_decay': 0.04734630087055862, 'warmup_ratio': 0.11416239982060195, 'train_color_jitter': False, 'nicme_logit_cost_scale': 0.06407727896875806, 'cs_lambda': 0.050097124182685915, 'cs_warmup_epochs': 2}. Best is trial 28 with value: 1011.1.
[I 2026-05-02 06:57:04,571] Trial 54 finished with value: 945.1057419354838 and parameters: {'learning_rate': 7.170499604100733e-05, 'weight_decay': 0.04391559550595731, 'warmup_ratio': 0.09374297674909687, 'train_color_jitter': False, 'nicme_logit_cost_scale': 0.05320271029024381, 'cs_lambda': 0.07232952658314222, 'cs_warmup_epochs': 5}. Best is trial 28 with value: 1011.1.
[I 2026-05-02 07:00:23,470] Trial 55 finished with value: 912.1043548387097 and parameters: {'learning_rate': 6.052374930754039e-05, 'weight_decay': 0.0005150319347045846, 'warmup_ratio': 0.10310273217025258, 'train_color_jitter': False, 'nicme_logit_cost_scale': 0.07139555428201239, 'cs_lambda': 0.14744591832857235, 'cs_warmup_epochs': 2}. Best is trial 28 with value: 1011.1.
[I 2026-05-02 07:04:30,750] Trial 56 finished with value: 945.8357741935483 and parameters: {'learning_rate': 5.2171149350735615e-05, 'weight_decay': 0.0446054109445604, 'warmup_ratio': 0.11157964401691334, 'train_color_jitter': False, 'nicme_logit_cost_scale': 0.10054896504046726, 'cs_lambda': 0.0283390366601012, 'cs_warmup_epochs': 2}. Best is trial 28 with value: 1011.1.
[I 2026-05-02 07:08:35,809] Trial 57 finished with value: 977.4225483870969 and parameters: {'learning_rate': 8.445515648068609e-05, 'weight_decay': 0.04158486074040796, 'warmup_ratio': 0.11669148299306918, 'train_color_jitter': False, 'nicme_logit_cost_scale': 0.058796686910153384, 'cs_lambda': 0.007576699973795689, 'cs_warmup_epochs': 2}. Best is trial 28 with value: 1011.1.
[I 2026-05-02 07:12:25,886] Trial 58 finished with value: 946.2435483870968 and parameters: {'learning_rate': 7.694148017921127e-05, 'weight_decay': 0.017815042368087213, 'warmup_ratio': 0.1006003301130107, 'train_color_jitter': False, 'nicme_logit_cost_scale': 0.16396923791834989, 'cs_lambda': 0.04272742197785981, 'cs_warmup_epochs': 2}. Best is trial 28 with value: 1011.1.
[I 2026-05-02 07:17:04,760] Trial 59 finished with value: 945.3421935483871 and parameters: {'learning_rate': 3.796143168227265e-05, 'weight_decay': 0.02660524891120792, 'warmup_ratio': 0.08616166058209299, 'train_color_jitter': True, 'nicme_logit_cost_scale': 0.14238868205408894, 'cs_lambda': 0.05623115126422378, 'cs_warmup_epochs': 0}. Best is trial 28 with value: 1011.1.
[I 2026-05-02 07:21:10,585] Trial 60 finished with value: 978.2241935483871 and parameters: {'learning_rate': 4.560853306961197e-05, 'weight_decay': 0.030724743623149565, 'warmup_ratio': 0.021344186103583945, 'train_color_jitter': False, 'nicme_logit_cost_scale': 0.11725311441113438, 'cs_lambda': 0.09156354551864296, 'cs_warmup_epochs': 2}. Best is trial 28 with value: 1011.1.
[I 2026-05-02 07:26:33,322] Trial 61 finished with value: 978.5822580645162 and parameters: {'learning_rate': 6.826687076939241e-05, 'weight_decay': 0.034476971716650096, 'warmup_ratio': 0.10701110821192361, 'train_color_jitter': False, 'nicme_logit_cost_scale': 0.0777721916873887, 'cs_lambda': 0.031185060276653027, 'cs_warmup_epochs': 2}. Best is trial 28 with value: 1011.1.
[I 2026-05-02 07:32:13,024] Trial 62 finished with value: 978.138677419355 and parameters: {'learning_rate': 6.461360148932142e-05, 'weight_decay': 0.039603522190761735, 'warmup_ratio': 0.10995304556992806, 'train_color_jitter': False, 'nicme_logit_cost_scale': 0.08434664410630982, 'cs_lambda': 0.0195022118075309, 'cs_warmup_epochs': 2}. Best is trial 28 with value: 1011.1.
[I 2026-05-02 07:35:31,912] Trial 63 finished with value: 912.6905483870968 and parameters: {'learning_rate': 7.291693553380908e-05, 'weight_decay': 0.037039091799858544, 'warmup_ratio': 0.10397183045945142, 'train_color_jitter': False, 'nicme_logit_cost_scale': 0.08757458364302503, 'cs_lambda': 0.03819322577996758, 'cs_warmup_epochs': 2}. Best is trial 28 with value: 1011.1.
[2026-05-02T07:35:32-07:00] DONE hpo-v3

[2026-05-02T07:35:32-07:00] START hpo-ce-matched
[2026-05-02T07:35:32-07:00] CMD micromamba run -n ml python scripts/run_pmi10_no_cal_experiments.py --phase hpo-ce-matched --variant balanced --split-dir /mnt/storage/github/NICME/data/prepared/pmi_pills_10_no_cal/splits/balanced --output-root /mnt/storage/github/NICME/results/pmi10_v3_balanced_convnext_base_20260502 --hpo-profile convnext_base_v3_balanced --seed 42
Wrote matched CE config: /mnt/storage/github/NICME/results/pmi10_v3_balanced_convnext_base_20260502/hpo-ce-matched/best_config.json
[2026-05-02T07:35:32-07:00] DONE hpo-ce-matched

[2026-05-02T07:35:32-07:00] START hpo-ce
[2026-05-02T07:35:32-07:00] CMD micromamba run -n ml python scripts/run_pmi10_no_cal_experiments.py --phase hpo-ce --variant balanced --split-dir /mnt/storage/github/NICME/data/prepared/pmi_pills_10_no_cal/splits/balanced --output-root /mnt/storage/github/NICME/results/pmi10_v3_balanced_convnext_base_20260502 --hpo-profile convnext_base_v3_balanced --seed 42 --trials 16 --per-run-timeout-minutes 720 --execute
[I 2026-05-02 07:35:32,383] A new study created in memory with name: pmi10_hpo-ce_convnext_base_v3_balanced
[I 2026-05-02 07:40:09,556] Trial 0 finished with value: 977.8670322580646 and parameters: {'learning_rate': 8.853449474927908e-05, 'weight_decay': 0.031085322332422186, 'warmup_ratio': 0.09646726364037252, 'train_color_jitter': False}. Best is trial 0 with value: 977.8670322580646.
[I 2026-05-02 07:44:14,386] Trial 1 finished with value: 945.5493225806451 and parameters: {'learning_rate': 3.11810228982657e-05, 'weight_decay': 0.007270048723291778, 'warmup_ratio': 0.06577890246521717, 'train_color_jitter': False}. Best is trial 0 with value: 977.8670322580646.
[I 2026-05-02 07:47:04,261] Trial 2 finished with value: 878.0756451612904 and parameters: {'learning_rate': 6.60067816344801e-05, 'weight_decay': 0.021271145178602457, 'warmup_ratio': 0.07769596932126378, 'train_color_jitter': True}. Best is trial 0 with value: 977.8670322580646.
[I 2026-05-02 07:50:54,910] Trial 3 finished with value: 946.2435483870968 and parameters: {'learning_rate': 3.957321084360372e-05, 'weight_decay': 0.014615043073173252, 'warmup_ratio': 0.03675663617698424, 'train_color_jitter': False}. Best is trial 0 with value: 977.8670322580646.
[I 2026-05-02 07:55:29,961] Trial 4 finished with value: 913.5825806451613 and parameters: {'learning_rate': 1.8034286166916454e-05, 'weight_decay': 0.031081469251418848, 'warmup_ratio': 0.028478793115171524, 'train_color_jitter': True}. Best is trial 0 with value: 977.8670322580646.
[I 2026-05-02 08:00:03,908] Trial 5 finished with value: 945.757064516129 and parameters: {'learning_rate': 3.6670592570266306e-05, 'weight_decay': 0.03694711217834679, 'warmup_ratio': 0.05368167844186818, 'train_color_jitter': True}. Best is trial 0 with value: 977.8670322580646.
[I 2026-05-02 08:04:38,869] Trial 6 finished with value: 945.5135161290323 and parameters: {'learning_rate': 2.1914292931064453e-05, 'weight_decay': 0.03192470118830201, 'warmup_ratio': 0.03111497250167638, 'train_color_jitter': True}. Best is trial 0 with value: 977.8670322580646.
[I 2026-05-02 08:08:59,561] Trial 7 finished with value: 945.392193548387 and parameters: {'learning_rate': 6.890114159212402e-05, 'weight_decay': 0.011346996548985506, 'warmup_ratio': 0.023103763697062834, 'train_color_jitter': True}. Best is trial 0 with value: 977.8670322580646.
[I 2026-05-02 08:14:31,015] Trial 8 finished with value: 978.5106451612903 and parameters: {'learning_rate': 3.084009653848018e-05, 'weight_decay': 0.028954305335701914, 'warmup_ratio': 0.030432079241839664, 'train_color_jitter': True}. Best is trial 8 with value: 978.5106451612903.
[I 2026-05-02 08:19:58,108] Trial 9 finished with value: 978.3316129032258 and parameters: {'learning_rate': 7.218771617127466e-05, 'weight_decay': 0.0011301883829808734, 'warmup_ratio': 0.09676292879668756, 'train_color_jitter': True}. Best is trial 8 with value: 978.5106451612903.
[I 2026-05-02 08:24:50,600] Trial 10 finished with value: 945.7999677419355 and parameters: {'learning_rate': 2.5028600710740948e-05, 'weight_decay': 0.04888364354398468, 'warmup_ratio': 0.04940968599379207, 'train_color_jitter': False}. Best is trial 8 with value: 978.5106451612903.
[I 2026-05-02 08:29:07,002] Trial 11 finished with value: 946.3509677419354 and parameters: {'learning_rate': 5.350646255647581e-05, 'weight_decay': 0.0037602960683728115, 'warmup_ratio': 0.11851998596801389, 'train_color_jitter': True}. Best is trial 8 with value: 978.5106451612903.
[I 2026-05-02 08:34:17,842] Trial 12 finished with value: 913.3180322580646 and parameters: {'learning_rate': 4.7418051106111793e-05, 'weight_decay': 0.019095014747807008, 'warmup_ratio': 0.09127908845004297, 'train_color_jitter': True}. Best is trial 8 with value: 978.5106451612903.
[I 2026-05-02 08:39:26,639] Trial 13 finished with value: 978.0312580645162 and parameters: {'learning_rate': 2.9787339879573102e-05, 'weight_decay': 0.0005407439663211402, 'warmup_ratio': 0.11565213540993174, 'train_color_jitter': True}. Best is trial 8 with value: 978.5106451612903.
[I 2026-05-02 08:46:07,025] Trial 14 finished with value: 913.9764516129032 and parameters: {'learning_rate': 1.642954689903723e-05, 'weight_decay': 0.04143369991517923, 'warmup_ratio': 0.09807353287225293, 'train_color_jitter': True}. Best is trial 8 with value: 978.5106451612903.
[I 2026-05-02 08:50:42,286] Trial 15 finished with value: 945.3779999999999 and parameters: {'learning_rate': 4.783050433552726e-05, 'weight_decay': 0.026069378193738932, 'warmup_ratio': 0.07910916041911822, 'train_color_jitter': True}. Best is trial 8 with value: 978.5106451612903.
[2026-05-02T08:50:42-07:00] DONE hpo-ce

[2026-05-02T08:50:42-07:00] START hpo-v2-matched
[2026-05-02T08:50:42-07:00] CMD micromamba run -n ml python scripts/run_pmi10_no_cal_experiments.py --phase hpo-v2-matched --variant balanced --split-dir /mnt/storage/github/NICME/data/prepared/pmi_pills_10_no_cal/splits/balanced --output-root /mnt/storage/github/NICME/results/pmi10_v3_balanced_convnext_base_20260502 --hpo-profile convnext_base_v3_balanced --seed 42
Wrote matched V2 config: /mnt/storage/github/NICME/results/pmi10_v3_balanced_convnext_base_20260502/hpo-v2-matched/best_config.json
[2026-05-02T08:50:42-07:00] DONE hpo-v2-matched

[2026-05-02T08:50:42-07:00] START final
[2026-05-02T08:50:42-07:00] CMD micromamba run -n ml python scripts/run_pmi10_no_cal_experiments.py --phase final --variant balanced --split-dir /mnt/storage/github/NICME/data/prepared/pmi_pills_10_no_cal/splits/balanced --output-root /mnt/storage/github/NICME/results/pmi10_v3_balanced_convnext_base_20260502 --hpo-profile convnext_base_v3_balanced --seed 42 --per-run-timeout-minutes 720 --execute
Wrote 4 planned runs under /mnt/storage/github/NICME/results/pmi10_v3_balanced_convnext_base_20260502/final
[2026-05-02T09:10:19-07:00] DONE final

[2026-05-02T09:10:19-07:00] START tpt-stress
[2026-05-02T09:10:19-07:00] CMD micromamba run -n ml python scripts/run_pmi10_no_cal_experiments.py --phase tpt-stress --variant balanced --split-dir /mnt/storage/github/NICME/data/prepared/pmi_pills_10_no_cal/splits/balanced --output-root /mnt/storage/github/NICME/results/pmi10_v3_balanced_convnext_base_20260502 --hpo-profile convnext_base_v3_balanced --seed 42 --epochs 64 --per-run-timeout-minutes 1200 --execute
Wrote 2 planned runs under /mnt/storage/github/NICME/results/pmi10_v3_balanced_convnext_base_20260502/tpt-stress
[2026-05-02T09:44:10-07:00] DONE tpt-stress
