
[2026-05-02T02:42:59-07:00] START prepare-balanced-split
[2026-05-02T02:42:59-07:00] CMD micromamba run -n ml python scripts/prepare_data.py --dataset pmi_pills_10_no_cal --input-dir data/raw/pmi --output-dir data/prepared/pmi_pills_10_no_cal --seed 42
[2026-05-02T02:43:00-07:00] DONE prepare-balanced-split

[2026-05-02T02:43:00-07:00] START readiness
[2026-05-02T02:43:00-07:00] CMD micromamba run -n ml python scripts/check_multiclass_readiness.py --datasets pmi_pills_10_no_cal --variants balanced --raw-root data/raw --prepared-root data/prepared --output-dir /mnt/storage/github/NICME/results/pmi10_v3_balanced_convnext_base_20260502/readiness
Wrote readiness reports to /mnt/storage/github/NICME/results/pmi10_v3_balanced_convnext_base_20260502/readiness/mc0_readiness.json and /mnt/storage/github/NICME/results/pmi10_v3_balanced_convnext_base_20260502/readiness/mc0_readiness.md
[2026-05-02T02:43:00-07:00] DONE readiness

[2026-05-02T02:43:00-07:00] START unit-tests
[2026-05-02T02:43:00-07:00] CMD micromamba run -n ml pytest -q tests/test_loss_functions.py tests/test_data_prep.py tests/test_pmi10_no_cal_runner.py tests/test_multiclass_readiness.py tests/test_modeling.py
...........................................                              [100%]
43 passed in 3.87s
[2026-05-02T02:43:05-07:00] DONE unit-tests

[2026-05-02T02:43:05-07:00] START preflight
[2026-05-02T02:43:05-07:00] CMD micromamba run -n ml python scripts/run_pmi10_no_cal_experiments.py --phase preflight --variant balanced --split-dir /mnt/storage/github/NICME/data/prepared/pmi_pills_10_no_cal/splits/balanced --output-root /mnt/storage/github/NICME/results/pmi10_v3_balanced_convnext_base_20260502 --hpo-profile convnext_base_v3_balanced --seed 42
Preflight passed: /mnt/storage/github/NICME/results/pmi10_v3_balanced_convnext_base_20260502/preflight/preflight_report.json
[2026-05-02T02:43:07-07:00] DONE preflight

[2026-05-02T02:43:07-07:00] START dry-run-hpo-v3-plan
[2026-05-02T02:43:07-07:00] CMD micromamba run -n ml python scripts/run_pmi10_no_cal_experiments.py --phase hpo-v3 --variant balanced --split-dir /mnt/storage/github/NICME/data/prepared/pmi_pills_10_no_cal/splits/balanced --output-root /mnt/storage/github/NICME/results/pmi10_v3_balanced_convnext_base_20260502 --hpo-profile convnext_base_v3_balanced --seed 42 --trials 64
[2026-05-02T02:43:09-07:00] DONE dry-run-hpo-v3-plan

[2026-05-02T02:43:09-07:00] START smoke
[2026-05-02T02:43:09-07:00] CMD micromamba run -n ml python scripts/run_pmi10_no_cal_experiments.py --phase smoke --variant balanced --split-dir /mnt/storage/github/NICME/data/prepared/pmi_pills_10_no_cal/splits/balanced --output-root /mnt/storage/github/NICME/results/pmi10_v3_balanced_convnext_base_20260502 --models convnext_base.fb_in22k_ft_in1k --losses ce\,nicme_hybrid\,nicme_v3_hybrid --epochs 2 --seed 42 --per-run-timeout-minutes 240 --execute
Wrote 3 planned runs under /mnt/storage/github/NICME/results/pmi10_v3_balanced_convnext_base_20260502/smoke
[2026-05-02T02:46:06-07:00] DONE smoke

[2026-05-02T02:46:06-07:00] START hpo-v3
[2026-05-02T02:46:06-07:00] CMD micromamba run -n ml python scripts/run_pmi10_no_cal_experiments.py --phase hpo-v3 --variant balanced --split-dir /mnt/storage/github/NICME/data/prepared/pmi_pills_10_no_cal/splits/balanced --output-root /mnt/storage/github/NICME/results/pmi10_v3_balanced_convnext_base_20260502 --hpo-profile convnext_base_v3_balanced --seed 42 --trials 64 --per-run-timeout-minutes 720 --execute
[I 2026-05-02 02:46:06,176] A new study created in memory with name: pmi10_hpo-v3_convnext_base_v3_balanced
[I 2026-05-02 02:51:14,956] Trial 0 finished with value: 978.1744838709678 and parameters: {'learning_rate': 3.713269760129747e-05, 'weight_decay': 0.04305906654714007, 'warmup_ratio': 0.08648882270609438, 'train_color_jitter': False, 'nicme_logit_cost_scale': 0.5806235791326664, 'cs_lambda': 0.06815507248256183, 'cs_warmup_epochs': 0}. Best is trial 0 with value: 978.1744838709678.
[I 2026-05-02 02:55:21,548] Trial 1 finished with value: 913.8332258064517 and parameters: {'learning_rate': 2.013548673385177e-05, 'weight_decay': 0.010270559452028856, 'warmup_ratio': 0.023488420977542696, 'train_color_jitter': False, 'nicme_logit_cost_scale': 0.05055941902171539, 'cs_lambda': 0.06300368996051287, 'cs_warmup_epochs': 3}. Best is trial 0 with value: 978.1744838709678.
[I 2026-05-02 02:59:54,281] Trial 2 finished with value: 913.2393225806452 and parameters: {'learning_rate': 2.003819160860364e-05, 'weight_decay': 0.03857955912962341, 'warmup_ratio': 0.0748948868850737, 'train_color_jitter': True, 'nicme_logit_cost_scale': 0.33802016906098914, 'cs_lambda': 0.19812499000765646, 'cs_warmup_epochs': 3}. Best is trial 0 with value: 978.1744838709678.
[I 2026-05-02 03:03:13,266] Trial 3 finished with value: 880.6431612903227 and parameters: {'learning_rate': 4.04698181578204e-05, 'weight_decay': 0.03349633376016163, 'warmup_ratio': 0.06585494854893956, 'train_color_jitter': False, 'nicme_logit_cost_scale': 0.4601077593548189, 'cs_lambda': 0.11474778178911157, 'cs_warmup_epochs': 2}. Best is trial 0 with value: 978.1744838709678.
[I 2026-05-02 03:07:18,876] Trial 4 finished with value: 978.5464516129032 and parameters: {'learning_rate': 3.8392813925638355e-05, 'weight_decay': 0.019927797213958716, 'warmup_ratio': 0.04138611484922329, 'train_color_jitter': False, 'nicme_logit_cost_scale': 0.5057879201532541, 'cs_lambda': 0.13675127063111173, 'cs_warmup_epochs': 2}. Best is trial 4 with value: 978.5464516129032.
[I 2026-05-02 03:11:14,978] Trial 5 finished with value: 946.0645161290322 and parameters: {'learning_rate': 4.340636867305205e-05, 'weight_decay': 0.036899186613080746, 'warmup_ratio': 0.020084691924483183, 'train_color_jitter': False, 'nicme_logit_cost_scale': 0.1443697211643194, 'cs_lambda': 0.14948490488889413, 'cs_warmup_epochs': 3}. Best is trial 4 with value: 978.5464516129032.
[I 2026-05-02 03:15:20,544] Trial 6 finished with value: 978.0670645161291 and parameters: {'learning_rate': 7.007737988144587e-05, 'weight_decay': 0.019329078182323142, 'warmup_ratio': 0.07267539101033901, 'train_color_jitter': False, 'nicme_logit_cost_scale': 0.09194426039251026, 'cs_lambda': 0.21075259262883597, 'cs_warmup_epochs': 0}. Best is trial 4 with value: 978.5464516129032.
[I 2026-05-02 03:19:59,513] Trial 7 finished with value: 977.9238387096775 and parameters: {'learning_rate': 3.645398725375924e-05, 'weight_decay': 0.014115015004206873, 'warmup_ratio': 0.02770611709760841, 'train_color_jitter': True, 'nicme_logit_cost_scale': 0.11792374958649637, 'cs_lambda': 0.19839287266667466, 'cs_warmup_epochs': 3}. Best is trial 4 with value: 978.5464516129032.
[I 2026-05-02 03:26:35,197] Trial 8 finished with value: 913.9764516129032 and parameters: {'learning_rate': 1.724292289381136e-05, 'weight_decay': 0.015418026876420826, 'warmup_ratio': 0.0751104144772641, 'train_color_jitter': True, 'nicme_logit_cost_scale': 0.29225890568995533, 'cs_lambda': 0.08967070261398435, 'cs_warmup_epochs': 5}. Best is trial 4 with value: 978.5464516129032.
[I 2026-05-02 03:31:27,779] Trial 9 finished with value: 978.7254838709678 and parameters: {'learning_rate': 8.35865859835712e-05, 'weight_decay': 0.009300267976657312, 'warmup_ratio': 0.10867276737508101, 'train_color_jitter': False, 'nicme_logit_cost_scale': 0.14680562793307173, 'cs_lambda': 0.040374031029694, 'cs_warmup_epochs': 2}. Best is trial 9 with value: 978.7254838709678.
[I 2026-05-02 03:34:18,676] Trial 10 finished with value: 877.8134193548387 and parameters: {'learning_rate': 8.35135538660038e-05, 'weight_decay': 0.0005585870106243826, 'warmup_ratio': 0.1185654936758046, 'train_color_jitter': True, 'nicme_logit_cost_scale': 0.2182481320234495, 'cs_lambda': 0.010472240344186607, 'cs_warmup_epochs': 1}. Best is trial 9 with value: 978.7254838709678.
[I 2026-05-02 03:38:11,045] Trial 11 finished with value: 978.1028709677421 and parameters: {'learning_rate': 5.91149457077034e-05, 'weight_decay': 0.027277021835826424, 'warmup_ratio': 0.046881066352006714, 'train_color_jitter': False, 'nicme_logit_cost_scale': 0.670724236723229, 'cs_lambda': 0.14501097424435347, 'cs_warmup_epochs': 2}. Best is trial 9 with value: 978.7254838709678.
[I 2026-05-02 03:42:20,303] Trial 12 finished with value: 913.2912580645162 and parameters: {'learning_rate': 2.5686917581859857e-05, 'weight_decay': 0.005984759431041042, 'warmup_ratio': 0.11859954145144898, 'train_color_jitter': False, 'nicme_logit_cost_scale': 0.19501893206124823, 'cs_lambda': 0.005631350043147715, 'cs_warmup_epochs': 2}. Best is trial 9 with value: 978.7254838709678.
[I 2026-05-02 03:47:47,133] Trial 13 finished with value: 978.5822580645162 and parameters: {'learning_rate': 5.4914889034395414e-05, 'weight_decay': 0.024445936016520713, 'warmup_ratio': 0.102516941642428, 'train_color_jitter': False, 'nicme_logit_cost_scale': 0.08057506017784692, 'cs_lambda': 0.24522506632635194, 'cs_warmup_epochs': 2}. Best is trial 9 with value: 978.7254838709678.
[I 2026-05-02 03:51:52,940] Trial 14 finished with value: 945.2986774193547 and parameters: {'learning_rate': 5.61277491283149e-05, 'weight_decay': 0.027564224874493486, 'warmup_ratio': 0.10074802315758882, 'train_color_jitter': False, 'nicme_logit_cost_scale': 0.0683172809424188, 'cs_lambda': 0.24982849182393713, 'cs_warmup_epochs': 2}. Best is trial 9 with value: 978.7254838709678.
[I 2026-05-02 03:56:02,932] Trial 15 finished with value: 977.9596451612905 and parameters: {'learning_rate': 8.276491574850254e-05, 'weight_decay': 0.049346611945934066, 'warmup_ratio': 0.10253681346665669, 'train_color_jitter': False, 'nicme_logit_cost_scale': 0.09491807543378836, 'cs_lambda': 0.03927091684740529, 'cs_warmup_epochs': 1}. Best is trial 9 with value: 978.7254838709678.
[I 2026-05-02 04:00:07,075] Trial 16 finished with value: 946.2077419354838 and parameters: {'learning_rate': 5.323338209799522e-05, 'weight_decay': 0.0020113878711384573, 'warmup_ratio': 0.10418592034035895, 'train_color_jitter': False, 'nicme_logit_cost_scale': 0.15484523271420592, 'cs_lambda': 0.24982453629367876, 'cs_warmup_epochs': 5}. Best is trial 9 with value: 978.7254838709678.
[I 2026-05-02 04:04:21,815] Trial 17 finished with value: 977.4731612903227 and parameters: {'learning_rate': 6.922920805442461e-05, 'weight_decay': 0.02258070313420158, 'warmup_ratio': 0.08892232755327009, 'train_color_jitter': False, 'nicme_logit_cost_scale': 0.06954738555580083, 'cs_lambda': 0.16503414213104575, 'cs_warmup_epochs': 2}. Best is trial 9 with value: 978.7254838709678.
[I 2026-05-02 04:10:25,660] Trial 18 finished with value: 978.4748387096774 and parameters: {'learning_rate': 8.824039857239508e-05, 'weight_decay': 0.010669427699161717, 'warmup_ratio': 0.09111149938856666, 'train_color_jitter': True, 'nicme_logit_cost_scale': 0.10614374043493764, 'cs_lambda': 0.11097823250040222, 'cs_warmup_epochs': 2}. Best is trial 9 with value: 978.7254838709678.
[I 2026-05-02 04:14:22,689] Trial 19 finished with value: 945.9002903225806 and parameters: {'learning_rate': 4.7859031374251074e-05, 'weight_decay': 0.02998651124083522, 'warmup_ratio': 0.10915977196165703, 'train_color_jitter': False, 'nicme_logit_cost_scale': 0.07446270263403028, 'cs_lambda': 0.04675687414695809, 'cs_warmup_epochs': 2}. Best is trial 9 with value: 978.7254838709678.
[I 2026-05-02 04:19:31,261] Trial 20 finished with value: 978.2390000000001 and parameters: {'learning_rate': 3.0380256827872134e-05, 'weight_decay': 0.008469900891910501, 'warmup_ratio': 0.06301825350504278, 'train_color_jitter': False, 'nicme_logit_cost_scale': 0.2676960795438444, 'cs_lambda': 0.17253816934243352, 'cs_warmup_epochs': 5}. Best is trial 9 with value: 978.7254838709678.
[I 2026-05-02 04:24:38,675] Trial 21 finished with value: 1011.0283870967742 and parameters: {'learning_rate': 6.7353912051497e-05, 'weight_decay': 0.0203058520361014, 'warmup_ratio': 0.044798507359884235, 'train_color_jitter': False, 'nicme_logit_cost_scale': 0.4077794135852269, 'cs_lambda': 0.22675328005922865, 'cs_warmup_epochs': 2}. Best is trial 21 with value: 1011.0283870967742.
[I 2026-05-02 04:29:18,913] Trial 22 finished with value: 978.2031935483872 and parameters: {'learning_rate': 6.873642097168054e-05, 'weight_decay': 0.01618873117527978, 'warmup_ratio': 0.05462931228969352, 'train_color_jitter': False, 'nicme_logit_cost_scale': 0.3868572857367525, 'cs_lambda': 0.22051901064236967, 'cs_warmup_epochs': 2}. Best is trial 21 with value: 1011.0283870967742.
[I 2026-05-02 04:34:25,114] Trial 23 finished with value: 978.1883870967742 and parameters: {'learning_rate': 6.258780118138721e-05, 'weight_decay': 0.02345660109320501, 'warmup_ratio': 0.03553897304434297, 'train_color_jitter': False, 'nicme_logit_cost_scale': 0.14748211411170906, 'cs_lambda': 0.22819106099538758, 'cs_warmup_epochs': 2}. Best is trial 21 with value: 1011.0283870967742.
[I 2026-05-02 04:38:31,136] Trial 24 finished with value: 977.6731935483872 and parameters: {'learning_rate': 7.594373655799937e-05, 'weight_decay': 0.01968994713864346, 'warmup_ratio': 0.08380519519358608, 'train_color_jitter': False, 'nicme_logit_cost_scale': 0.05411441841919219, 'cs_lambda': 0.18153225759262498, 'cs_warmup_epochs': 1}. Best is trial 21 with value: 1011.0283870967742.
[I 2026-05-02 04:42:23,301] Trial 25 finished with value: 946.1719354838709 and parameters: {'learning_rate': 4.796407219060163e-05, 'weight_decay': 0.030103900799310232, 'warmup_ratio': 0.09623466641558952, 'train_color_jitter': False, 'nicme_logit_cost_scale': 0.22591290137143813, 'cs_lambda': 0.2328992191484793, 'cs_warmup_epochs': 0}. Best is trial 21 with value: 1011.0283870967742.
[I 2026-05-02 04:47:15,947] Trial 26 finished with value: 977.9596451612905 and parameters: {'learning_rate': 6.459295583221219e-05, 'weight_decay': 0.006922475862905456, 'warmup_ratio': 0.1129424457578626, 'train_color_jitter': True, 'nicme_logit_cost_scale': 0.12640928827620374, 'cs_lambda': 0.19467751721483278, 'cs_warmup_epochs': 2}. Best is trial 21 with value: 1011.0283870967742.
[I 2026-05-02 04:50:36,234] Trial 27 finished with value: 945.0508709677418 and parameters: {'learning_rate': 4.971378421849695e-05, 'weight_decay': 0.013104205116221792, 'warmup_ratio': 0.05580430136933888, 'train_color_jitter': False, 'nicme_logit_cost_scale': 0.174682981397599, 'cs_lambda': 0.09531539102455315, 'cs_warmup_epochs': 2}. Best is trial 21 with value: 1011.0283870967742.
[I 2026-05-02 04:57:03,051] Trial 28 finished with value: 1011.1 and parameters: {'learning_rate': 7.381097541389142e-05, 'weight_decay': 0.0039047956499555798, 'warmup_ratio': 0.1103352023905837, 'train_color_jitter': False, 'nicme_logit_cost_scale': 0.08485510619155306, 'cs_lambda': 0.027767842261142275, 'cs_warmup_epochs': 2}. Best is trial 28 with value: 1011.1.
[I 2026-05-02 05:01:11,804] Trial 29 finished with value: 977.8522258064518 and parameters: {'learning_rate': 7.686871983522254e-05, 'weight_decay': 0.004940669529035171, 'warmup_ratio': 0.05450420283877367, 'train_color_jitter': False, 'nicme_logit_cost_scale': 0.426666362362745, 'cs_lambda': 0.025606568442787497, 'cs_warmup_epochs': 0}. Best is trial 28 with value: 1011.1.
[I 2026-05-02 05:06:35,426] Trial 30 finished with value: 978.2460967741937 and parameters: {'learning_rate': 8.841586495051147e-05, 'weight_decay': 0.0035629756754177243, 'warmup_ratio': 0.10979860588271342, 'train_color_jitter': False, 'nicme_logit_cost_scale': 0.5940397207040949, 'cs_lambda': 0.06391392692725191, 'cs_warmup_epochs': 2}. Best is trial 28 with value: 1011.1.
[I 2026-05-02 05:11:45,482] Trial 31 finished with value: 978.1744838709678 and parameters: {'learning_rate': 5.867392878392032e-05, 'weight_decay': 0.011422991020865553, 'warmup_ratio': 0.08362512495276621, 'train_color_jitter': False, 'nicme_logit_cost_scale': 0.08120922193114162, 'cs_lambda': 0.08121079075724585, 'cs_warmup_epochs': 2}. Best is trial 28 with value: 1011.1.
[I 2026-05-02 05:16:52,540] Trial 32 finished with value: 978.3674193548387 and parameters: {'learning_rate': 7.422764477734207e-05, 'weight_decay': 0.02525485926201211, 'warmup_ratio': 0.0973265658722378, 'train_color_jitter': False, 'nicme_logit_cost_scale': 0.060327838988975924, 'cs_lambda': 0.04606344352818447, 'cs_warmup_epochs': 2}. Best is trial 28 with value: 1011.1.
[I 2026-05-02 05:20:58,102] Trial 33 finished with value: 978.2102903225807 and parameters: {'learning_rate': 6.421557473086741e-05, 'weight_decay': 0.008250203161156077, 'warmup_ratio': 0.11360283997852062, 'train_color_jitter': False, 'nicme_logit_cost_scale': 0.09085921618807333, 'cs_lambda': 0.024582169458876393, 'cs_warmup_epochs': 2}. Best is trial 28 with value: 1011.1.
[I 2026-05-02 05:26:22,263] Trial 34 finished with value: 1011.0641935483872 and parameters: {'learning_rate': 7.76978241651562e-05, 'weight_decay': 0.016564267619147446, 'warmup_ratio': 0.07839427164321265, 'train_color_jitter': False, 'nicme_logit_cost_scale': 0.11754598185113525, 'cs_lambda': 0.06698442272362384, 'cs_warmup_epochs': 2}. Best is trial 28 with value: 1011.1.
[I 2026-05-02 05:30:28,491] Trial 35 finished with value: 977.8164193548389 and parameters: {'learning_rate': 7.821565890369396e-05, 'weight_decay': 0.0170508896454375, 'warmup_ratio': 0.06277839380209527, 'train_color_jitter': False, 'nicme_logit_cost_scale': 0.11851483688363203, 'cs_lambda': 0.0716635402528267, 'cs_warmup_epochs': 3}. Best is trial 28 with value: 1011.1.
[I 2026-05-02 05:34:19,510] Trial 36 finished with value: 946.2077419354838 and parameters: {'learning_rate': 3.22575729393123e-05, 'weight_decay': 0.012838944656325076, 'warmup_ratio': 0.042397756910389224, 'train_color_jitter': False, 'nicme_logit_cost_scale': 0.1771858470952895, 'cs_lambda': 0.05386992055111414, 'cs_warmup_epochs': 2}. Best is trial 28 with value: 1011.1.
[I 2026-05-02 05:38:36,773] Trial 37 finished with value: 911.7891935483872 and parameters: {'learning_rate': 7.092184946968061e-05, 'weight_decay': 0.009968675371105013, 'warmup_ratio': 0.07966628798869377, 'train_color_jitter': True, 'nicme_logit_cost_scale': 0.13491683623068682, 'cs_lambda': 0.028367124542107013, 'cs_warmup_epochs': 0}. Best is trial 28 with value: 1011.1.
[I 2026-05-02 05:42:47,875] Trial 38 finished with value: 945.7641612903226 and parameters: {'learning_rate': 4.3218110704666685e-05, 'weight_decay': 0.018183464290987304, 'warmup_ratio': 0.03398610685545647, 'train_color_jitter': False, 'nicme_logit_cost_scale': 0.10379738938115811, 'cs_lambda': 0.12181602228485393, 'cs_warmup_epochs': 3}. Best is trial 28 with value: 1011.1.
[I 2026-05-02 05:46:41,518] Trial 39 finished with value: 977.8212903225807 and parameters: {'learning_rate': 8.98057321450138e-05, 'weight_decay': 0.021421110932113796, 'warmup_ratio': 0.09641996421445943, 'train_color_jitter': False, 'nicme_logit_cost_scale': 0.16005511593513524, 'cs_lambda': 0.10313786606156498, 'cs_warmup_epochs': 1}. Best is trial 28 with value: 1011.1.
[I 2026-05-02 05:51:02,066] Trial 40 finished with value: 913.6541935483872 and parameters: {'learning_rate': 8.079607750707438e-05, 'weight_decay': 0.0021745590391339664, 'warmup_ratio': 0.06953372778628211, 'train_color_jitter': True, 'nicme_logit_cost_scale': 0.3273702537510292, 'cs_lambda': 0.07905077210110306, 'cs_warmup_epochs': 5}. Best is trial 28 with value: 1011.1.
[I 2026-05-02 05:56:55,312] Trial 41 finished with value: 978.6538709677419 and parameters: {'learning_rate': 6.521551040217711e-05, 'weight_decay': 0.034264805404614206, 'warmup_ratio': 0.10853127697776983, 'train_color_jitter': False, 'nicme_logit_cost_scale': 0.08275756848236163, 'cs_lambda': 0.03542250036831799, 'cs_warmup_epochs': 2}. Best is trial 28 with value: 1011.1.
[I 2026-05-02 06:02:18,841] Trial 42 finished with value: 1010.4912903225808 and parameters: {'learning_rate': 6.492873428932741e-05, 'weight_decay': 0.04012232390881731, 'warmup_ratio': 0.10798602560844145, 'train_color_jitter': False, 'nicme_logit_cost_scale': 0.10838252842955247, 'cs_lambda': 0.034853761009356235, 'cs_warmup_epochs': 2}. Best is trial 28 with value: 1011.1.
[I 2026-05-02 06:06:26,265] Trial 43 finished with value: 945.7283548387096 and parameters: {'learning_rate': 7.357933068126042e-05, 'weight_decay': 0.03823332884263491, 'warmup_ratio': 0.11505048197927277, 'train_color_jitter': False, 'nicme_logit_cost_scale': 0.10788145463811476, 'cs_lambda': 0.015139796747436205, 'cs_warmup_epochs': 2}. Best is trial 28 with value: 1011.1.
[I 2026-05-02 06:11:49,506] Trial 44 finished with value: 978.5106451612903 and parameters: {'learning_rate': 5.979405718290192e-05, 'weight_decay': 0.014442416907987397, 'warmup_ratio': 0.09116995797131625, 'train_color_jitter': False, 'nicme_logit_cost_scale': 0.20594026538750496, 'cs_lambda': 0.05344924467378305, 'cs_warmup_epochs': 2}. Best is trial 28 with value: 1011.1.
[I 2026-05-02 06:17:56,616] Trial 45 finished with value: 946.2435483870968 and parameters: {'learning_rate': 2.4655756101625883e-05, 'weight_decay': 0.04658020690477972, 'warmup_ratio': 0.11904468270657476, 'train_color_jitter': False, 'nicme_logit_cost_scale': 0.1326821672251137, 'cs_lambda': 0.015530173266707501, 'cs_warmup_epochs': 2}. Best is trial 28 with value: 1011.1.
[I 2026-05-02 06:22:03,386] Trial 46 finished with value: 881.2706451612904 and parameters: {'learning_rate': 1.5647727145809373e-05, 'weight_decay': 0.039748478965033064, 'warmup_ratio': 0.10700826832183528, 'train_color_jitter': False, 'nicme_logit_cost_scale': 0.2664630994903721, 'cs_lambda': 9.712202853804502e-05, 'cs_warmup_epochs': 2}. Best is trial 28 with value: 1011.1.
